<?xml version="1.0" encoding="UTF-8"?>
<testsuites name="TS2" time="3.782" tests="1" failures="0" errors="0">
   <testsuite name="TS2" tests="1" failures="0" errors="0" time="3.782" skipped="0" timestamp="2022-01-29 08:10:23" hostname="kazuakiurayama - localhost" id="Test Suites/TS2">
      <properties>
         <property name="deviceName" value=""/>
         <property name="devicePlatform" value=""/>
         <property name="logFolder" value="/Users/kazuakiurayama/katalon-workspace/TestSuiteCollectionReportsCollector/Reports/20220129_081007/TS2/20220129_081010"/>
         <property name="logFiles" value="/Users/kazuakiurayama/katalon-workspace/TestSuiteCollectionReportsCollector/Reports/20220129_081007/TS2/20220129_081010/execution0.log"/>
         <property name="attachments" value=""/>
         <property name="hostName" value="kazuakiurayama - localhost"/>
         <property name="hostAddress" value="127.0.0.1"/>
         <property name="os" value="Mac OS X 64bit"/>
         <property name="katalonVersion" value="8.2.1.208"/>
      </properties>
      <testcase name="Test Cases/main/TC1" time="3.318" classname="Test Cases/main/TC1" status="PASSED">
         <system-out><![CDATA[2022-01-29 08:10:23 - [TEST_CASE][PASSED] - Test Cases/main/TC1: Test Cases/main/TC1

2022-01-29 08:10:23 - [TEST_STEP][PASSED] - comment("Hello, world."): Hello, world.

2022-01-29 08:10:23 - [MESSAGE][INFO] - Hello, world.

2022-01-29 08:10:23 - [TEST_STEP][PASSED] - delay(3): Delayed 3 second(s)

2022-01-29 08:10:26 - [MESSAGE][PASSED] - Delayed 3 second(s)]]></system-out>
         <system-err><![CDATA[]]></system-err>
      </testcase>
      <system-out><![CDATA[2022-01-29 08:10:23 - [TEST_SUITE][PASSED] - TS2: Test Cases/main/TC1]]></system-out>
      <system-err><![CDATA[]]></system-err>
   </testsuite>
</testsuites>
